# JRE version: OpenJDK Runtime Environment JBR-21.0.4+13-509.17-jcef (21.0.4+13) (build 21.0.4+13-b509.17)
# Java VM: OpenJDK 64-Bit Server VM JBR-21.0.4+13-509.17-jcef (21.0.4+13-b509.17, mixed mode, tiered, compressed oops, compressed class ptrs, g1 gc, windows-amd64)
GC Precious Log:
 CardTable entry size: 512
 Card Set container configuration: InlinePtr #cards 4 size 8 Array Of Cards #cards 16 size 48 Howl #buckets 8 coarsen threshold 3686 Howl Bitmap #cards 512 size 80 coarsen threshold 460 Card regions per heap region 1 cards per card region 4096
 CPUs: 6 total, 6 available
 Memory: 32713M
 Large Page Support: Disabled
 NUMA Support: Disabled
 Compressed Oops: Enabled (Zero based)
 Heap Region Size: 2M
 Heap Min Capacity: 128M
 Heap Initial Capacity: 128M
 Heap Max Capacity: 4090M
 Pre-touch: Disabled
 Parallel Workers: 6
 Concurrent Workers: 2
 Concurrent Refinement Workers: 6
 Periodic GC: Disabled
Heap:
 garbage-first heap   total 819200K, used 659456K [0x0000000700600000, 0x0000000800000000)
  region size 2048K, 125 young (256000K), 12 survivors (24576K)
 Metaspace       used 403994K, committed 408320K, reserved 1441792K
  class space    used 45898K, committed 47936K, reserved 1048576K
GC Heap History (20 events):
Event: 4610.286 GC heap before
{Heap before GC invocations=273 (full 0):
 garbage-first heap   total 819200K, used 750893K [0x0000000700600000, 0x0000000800000000)
  region size 2048K, 179 young (366592K), 12 survivors (24576K)
 Metaspace       used 401787K, committed 406016K, reserved 1441792K
  class space    used 45663K, committed 47744K, reserved 1048576K
}
Event: 4610.295 GC heap after
{Heap after GC invocations=274 (full 0):
 garbage-first heap   total 819200K, used 413356K [0x0000000700600000, 0x0000000800000000)
  region size 2048K, 13 young (26624K), 13 survivors (26624K)
 Metaspace       used 401787K, committed 406016K, reserved 1441792K
  class space    used 45663K, committed 47744K, reserved 1048576K
}
Event: 4615.454 GC heap before
{Heap before GC invocations=274 (full 0):
 garbage-first heap   total 819200K, used 749228K [0x0000000700600000, 0x0000000800000000)
  region size 2048K, 178 young (364544K), 13 survivors (26624K)
 Metaspace       used 401875K, committed 406080K, reserved 1441792K
  class space    used 45668K, committed 47744K, reserved 1048576K
}
Event: 4615.469 GC heap after
{Heap after GC invocations=275 (full 0):
 garbage-first heap   total 819200K, used 405146K [0x0000000700600000, 0x0000000800000000)
  region size 2048K, 15 young (30720K), 15 survivors (30720K)
 Metaspace       used 401875K, committed 406080K, reserved 1441792K
  class space    used 45668K, committed 47744K, reserved 1048576K
}
Event: 4620.614 GC heap before
{Heap before GC invocations=275 (full 0):
 garbage-first heap   total 819200K, used 745114K [0x0000000700600000, 0x0000000800000000)
  region size 2048K, 182 young (372736K), 15 survivors (30720K)
 Metaspace       used 401998K, committed 406208K, reserved 1441792K
  class space    used 45678K, committed 47744K, reserved 1048576K
}
Event: 4620.624 GC heap after
{Heap after GC invocations=276 (full 0):
 garbage-first heap   total 819200K, used 408344K [0x0000000700600000, 0x0000000800000000)
  region size 2048K, 13 young (26624K), 13 survivors (26624K)
 Metaspace       used 401998K, committed 406208K, reserved 1441792K
  class space    used 45678K, committed 47744K, reserved 1048576K
}
Event: 4642.962 GC heap before
{Heap before GC invocations=277 (full 0):
 garbage-first heap   total 819200K, used 748312K [0x0000000700600000, 0x0000000800000000)
  region size 2048K, 180 young (368640K), 13 survivors (26624K)
 Metaspace       used 402101K, committed 406272K, reserved 1441792K
  class space    used 45682K, committed 47744K, reserved 1048576K
}
Event: 4642.971 GC heap after
{Heap after GC invocations=278 (full 0):
 garbage-first heap   total 819200K, used 409297K [0x0000000700600000, 0x0000000800000000)
  region size 2048K, 14 young (28672K), 14 survivors (28672K)
 Metaspace       used 402101K, committed 406272K, reserved 1441792K
  class space    used 45682K, committed 47744K, reserved 1048576K
}
Event: 4645.671 GC heap before
{Heap before GC invocations=278 (full 0):
 garbage-first heap   total 819200K, used 745169K [0x0000000700600000, 0x0000000800000000)
  region size 2048K, 179 young (366592K), 14 survivors (28672K)
 Metaspace       used 402175K, committed 406400K, reserved 1441792K
  class space    used 45684K, committed 47744K, reserved 1048576K
}
Event: 4645.688 GC heap after
{Heap after GC invocations=279 (full 0):
 garbage-first heap   total 819200K, used 411824K [0x0000000700600000, 0x0000000800000000)
  region size 2048K, 16 young (32768K), 16 survivors (32768K)
 Metaspace       used 402175K, committed 406400K, reserved 1441792K
  class space    used 45684K, committed 47744K, reserved 1048576K
}
Event: 4656.939 GC heap before
{Heap before GC invocations=279 (full 0):
 garbage-first heap   total 819200K, used 741552K [0x0000000700600000, 0x0000000800000000)
  region size 2048K, 178 young (364544K), 16 survivors (32768K)
 Metaspace       used 402193K, committed 406400K, reserved 1441792K
  class space    used 45684K, committed 47744K, reserved 1048576K
}
Event: 4656.950 GC heap after
{Heap after GC invocations=280 (full 0):
 garbage-first heap   total 819200K, used 414011K [0x0000000700600000, 0x0000000800000000)
  region size 2048K, 12 young (24576K), 12 survivors (24576K)
 Metaspace       used 402193K, committed 406400K, reserved 1441792K
  class space    used 45684K, committed 47744K, reserved 1048576K
}
Event: 4660.642 GC heap before
{Heap before GC invocations=281 (full 0):
 garbage-first heap   total 819200K, used 749883K [0x0000000700600000, 0x0000000800000000)
  region size 2048K, 177 young (362496K), 12 survivors (24576K)
 Metaspace       used 402256K, committed 406464K, reserved 1441792K
  class space    used 45684K, committed 47744K, reserved 1048576K
}
Event: 4660.651 GC heap after
{Heap after GC invocations=282 (full 0):
 garbage-first heap   total 819200K, used 416887K [0x0000000700600000, 0x0000000800000000)
  region size 2048K, 13 young (26624K), 13 survivors (26624K)
 Metaspace       used 402256K, committed 406464K, reserved 1441792K
  class space    used 45684K, committed 47744K, reserved 1048576K
}
Event: 4751.492 GC heap before
{Heap before GC invocations=282 (full 0):
 garbage-first heap   total 819200K, used 748663K [0x0000000700600000, 0x0000000800000000)
  region size 2048K, 176 young (360448K), 13 survivors (26624K)
 Metaspace       used 402486K, committed 406720K, reserved 1441792K
  class space    used 45713K, committed 47744K, reserved 1048576K
}
Event: 4751.508 GC heap after
{Heap after GC invocations=283 (full 0):
 garbage-first heap   total 819200K, used 419966K [0x0000000700600000, 0x0000000800000000)
  region size 2048K, 17 young (34816K), 17 survivors (34816K)
 Metaspace       used 402486K, committed 406720K, reserved 1441792K
  class space    used 45713K, committed 47744K, reserved 1048576K
}
Event: 4778.369 GC heap before
{Heap before GC invocations=283 (full 0):
 garbage-first heap   total 819200K, used 741502K [0x0000000700600000, 0x0000000800000000)
  region size 2048K, 174 young (356352K), 17 survivors (34816K)
 Metaspace       used 402754K, committed 406976K, reserved 1441792K
  class space    used 45736K, committed 47744K, reserved 1048576K
}
Event: 4778.381 GC heap after
{Heap after GC invocations=284 (full 0):
 garbage-first heap   total 819200K, used 423936K [0x0000000700600000, 0x0000000800000000)
  region size 2048K, 9 young (18432K), 9 survivors (18432K)
 Metaspace       used 402754K, committed 406976K, reserved 1441792K
  class space    used 45736K, committed 47744K, reserved 1048576K
}
Event: 4807.975 GC heap before
{Heap before GC invocations=285 (full 0):
 garbage-first heap   total 819200K, used 761856K [0x0000000700600000, 0x0000000800000000)
  region size 2048K, 173 young (354304K), 9 survivors (18432K)
 Metaspace       used 403945K, committed 408256K, reserved 1441792K
  class space    used 45894K, committed 47936K, reserved 1048576K
}
Event: 4807.985 GC heap after
{Heap after GC invocations=286 (full 0):
 garbage-first heap   total 819200K, used 430080K [0x0000000700600000, 0x0000000800000000)
  region size 2048K, 12 young (24576K), 12 survivors (24576K)
 Metaspace       used 403945K, committed 408256K, reserved 1441792K
  class space    used 45894K, committed 47936K, reserved 1048576K
}

